# JRE version: Java(TM) SE Runtime Environment (8.0_152-b16) (build 1.8.0_152-b16)
# Java VM: Java HotSpot(TM) 64-Bit Server VM (25.152-b16 mixed mode windows-amd64 compressed oops)
Heap:
 PSYoungGen      total 49664K, used 13126K [0x00000000e0980000, 0x00000000e6400000, 0x0000000100000000)
  eden space 45568K, 19% used [0x00000000e0980000,0x00000000e12557d8,0x00000000e3600000)
  from space 4096K, 99% used [0x00000000e3d80000,0x00000000e417c208,0x00000000e4180000)
  to   space 7680K, 0% used [0x00000000e3600000,0x00000000e3600000,0x00000000e3d80000)
 ParOldGen       total 45056K, used 8518K [0x00000000a1c00000, 0x00000000a4800000, 0x00000000e0980000)
  object space 45056K, 18% used [0x00000000a1c00000,0x00000000a24518b0,0x00000000a4800000)
 Metaspace       used 26042K, capacity 26869K, committed 27008K, reserved 1075200K
  class space    used 3432K, capacity 3639K, committed 3712K, reserved 1048576K
GC Heap History (10 events):
Event: 1.971 GC heap before
{Heap before GC invocations=3 (full 0):
 PSYoungGen      total 28672K, used 28647K [0x00000000e0980000, 0x00000000e2980000, 0x0000000100000000)
  eden space 24576K, 100% used [0x00000000e0980000,0x00000000e2180000,0x00000000e2180000)
  from space 4096K, 99% used [0x00000000e2580000,0x00000000e2979f10,0x00000000e2980000)
  to   space 4096K, 0% used [0x00000000e2180000,0x00000000e2180000,0x00000000e2580000)
 ParOldGen       total 65536K, used 1509K [0x00000000a1c00000, 0x00000000a5c00000, 0x00000000e0980000)
  object space 65536K, 2% used [0x00000000a1c00000,0x00000000a1d79438,0x00000000a5c00000)
 Metaspace       used 15851K, capacity 16384K, committed 16640K, reserved 1062912K
  class space    used 2044K, capacity 2224K, committed 2304K, reserved 1048576K
Event: 1.979 GC heap after
Heap after GC invocations=3 (full 0):
 PSYoungGen      total 28672K, used 4080K [0x00000000e0980000, 0x00000000e4180000, 0x0000000100000000)
  eden space 24576K, 0% used [0x00000000e0980000,0x00000000e0980000,0x00000000e2180000)
  from space 4096K, 99% used [0x00000000e2180000,0x00000000e257c010,0x00000000e2580000)
  to   space 4096K, 0% used [0x00000000e3d80000,0x00000000e3d80000,0x00000000e4180000)
 ParOldGen       total 65536K, used 3113K [0x00000000a1c00000, 0x00000000a5c00000, 0x00000000e0980000)
  object space 65536K, 4% used [0x00000000a1c00000,0x00000000a1f0a730,0x00000000a5c00000)
 Metaspace       used 15851K, capacity 16384K, committed 16640K, reserved 1062912K
  class space    used 2044K, capacity 2224K, committed 2304K, reserved 1048576K
}
Event: 2.191 GC heap before
{Heap before GC invocations=4 (full 0):
 PSYoungGen      total 28672K, used 28656K [0x00000000e0980000, 0x00000000e4180000, 0x0000000100000000)
  eden space 24576K, 100% used [0x00000000e0980000,0x00000000e2180000,0x00000000e2180000)
  from space 4096K, 99% used [0x00000000e2180000,0x00000000e257c010,0x00000000e2580000)
  to   space 4096K, 0% used [0x00000000e3d80000,0x00000000e3d80000,0x00000000e4180000)
 ParOldGen       total 65536K, used 3113K [0x00000000a1c00000, 0x00000000a5c00000, 0x00000000e0980000)
  object space 65536K, 4% used [0x00000000a1c00000,0x00000000a1f0a730,0x00000000a5c00000)
 Metaspace       used 18055K, capacity 18540K, committed 18816K, reserved 1064960K
  class space    used 2448K, capacity 2596K, committed 2688K, reserved 1048576K
Event: 2.200 GC heap after
Heap after GC invocations=4 (full 0):
 PSYoungGen      total 53248K, used 4080K [0x00000000e0980000, 0x00000000e4180000, 0x0000000100000000)
  eden space 49152K, 0% used [0x00000000e0980000,0x00000000e0980000,0x00000000e3980000)
  from space 4096K, 99% used [0x00000000e3d80000,0x00000000e417c050,0x00000000e4180000)
  to   space 4096K, 0% used [0x00000000e3980000,0x00000000e3980000,0x00000000e3d80000)
 ParOldGen       total 65536K, used 5482K [0x00000000a1c00000, 0x00000000a5c00000, 0x00000000e0980000)
  object space 65536K, 8% used [0x00000000a1c00000,0x00000000a215a8e0,0x00000000a5c00000)
 Metaspace       used 18055K, capacity 18540K, committed 18816K, reserved 1064960K
  class space    used 2448K, capacity 2596K, committed 2688K, reserved 1048576K
}
Event: 2.409 GC heap before
{Heap before GC invocations=5 (full 0):
 PSYoungGen      total 53248K, used 24212K [0x00000000e0980000, 0x00000000e4180000, 0x0000000100000000)
  eden space 49152K, 40% used [0x00000000e0980000,0x00000000e1d28fb8,0x00000000e3980000)
  from space 4096K, 99% used [0x00000000e3d80000,0x00000000e417c050,0x00000000e4180000)
  to   space 4096K, 0% used [0x00000000e3980000,0x00000000e3980000,0x00000000e3d80000)
 ParOldGen       total 65536K, used 5482K [0x00000000a1c00000, 0x00000000a5c00000, 0x00000000e0980000)
  object space 65536K, 8% used [0x00000000a1c00000,0x00000000a215a8e0,0x00000000a5c00000)
 Metaspace       used 20629K, capacity 21273K, committed 21296K, reserved 1067008K
  class space    used 2762K, capacity 2944K, committed 2944K, reserved 1048576K
Event: 2.421 GC heap after
Heap after GC invocations=5 (full 0):
 PSYoungGen      total 53248K, used 4080K [0x00000000e0980000, 0x00000000e4180000, 0x0000000100000000)
  eden space 49152K, 0% used [0x00000000e0980000,0x00000000e0980000,0x00000000e3980000)
  from space 4096K, 99% used [0x00000000e3980000,0x00000000e3d7c050,0x00000000e3d80000)
  to   space 4096K, 0% used [0x00000000e3d80000,0x00000000e3d80000,0x00000000e4180000)
 ParOldGen       total 65536K, used 8068K [0x00000000a1c00000, 0x00000000a5c00000, 0x00000000e0980000)
  object space 65536K, 12% used [0x00000000a1c00000,0x00000000a23e1348,0x00000000a5c00000)
 Metaspace       used 20629K, capacity 21273K, committed 21296K, reserved 1067008K
  class space    used 2762K, capacity 2944K, committed 2944K, reserved 1048576K
}
Event: 2.421 GC heap before
{Heap before GC invocations=6 (full 1):
 PSYoungGen      total 53248K, used 4080K [0x00000000e0980000, 0x00000000e4180000, 0x0000000100000000)
  eden space 49152K, 0% used [0x00000000e0980000,0x00000000e0980000,0x00000000e3980000)
  from space 4096K, 99% used [0x00000000e3980000,0x00000000e3d7c050,0x00000000e3d80000)
  to   space 4096K, 0% used [0x00000000e3d80000,0x00000000e3d80000,0x00000000e4180000)
 ParOldGen       total 65536K, used 8068K [0x00000000a1c00000, 0x00000000a5c00000, 0x00000000e0980000)
  object space 65536K, 12% used [0x00000000a1c00000,0x00000000a23e1348,0x00000000a5c00000)
 Metaspace       used 20629K, capacity 21273K, committed 21296K, reserved 1067008K
  class space    used 2762K, capacity 2944K, committed 2944K, reserved 1048576K
Event: 2.464 GC heap after
Heap after GC invocations=6 (full 1):
 PSYoungGen      total 53248K, used 0K [0x00000000e0980000, 0x00000000e4180000, 0x0000000100000000)
  eden space 49152K, 0% used [0x00000000e0980000,0x00000000e0980000,0x00000000e3980000)
  from space 4096K, 0% used [0x00000000e3980000,0x00000000e3980000,0x00000000e3d80000)
  to   space 4096K, 0% used [0x00000000e3d80000,0x00000000e3d80000,0x00000000e4180000)
 ParOldGen       total 45056K, used 7032K [0x00000000a1c00000, 0x00000000a4800000, 0x00000000e0980000)
  object space 45056K, 15% used [0x00000000a1c00000,0x00000000a22de030,0x00000000a4800000)
 Metaspace       used 20629K, capacity 21273K, committed 21296K, reserved 1067008K
  class space    used 2762K, capacity 2944K, committed 2944K, reserved 1048576K
}
Event: 3.045 GC heap before
{Heap before GC invocations=7 (full 1):
 PSYoungGen      total 53248K, used 49152K [0x00000000e0980000, 0x00000000e4180000, 0x0000000100000000)
  eden space 49152K, 100% used [0x00000000e0980000,0x00000000e3980000,0x00000000e3980000)
  from space 4096K, 0% used [0x00000000e3980000,0x00000000e3980000,0x00000000e3d80000)
  to   space 4096K, 0% used [0x00000000e3d80000,0x00000000e3d80000,0x00000000e4180000)
 ParOldGen       total 45056K, used 7032K [0x00000000a1c00000, 0x00000000a4800000, 0x00000000e0980000)
  object space 45056K, 15% used [0x00000000a1c00000,0x00000000a22de030,0x00000000a4800000)
 Metaspace       used 24311K, capacity 25075K, committed 25216K, reserved 1071104K
  class space    used 3230K, capacity 3446K, committed 3456K, reserved 1048576K
Event: 3.051 GC heap after
Heap after GC invocations=7 (full 1):
 PSYoungGen      total 49664K, used 4080K [0x00000000e0980000, 0x00000000e6400000, 0x0000000100000000)
  eden space 45568K, 0% used [0x00000000e0980000,0x00000000e0980000,0x00000000e3600000)
  from space 4096K, 99% used [0x00000000e3d80000,0x00000000e417c208,0x00000000e4180000)
  to   space 7680K, 0% used [0x00000000e3600000,0x00000000e3600000,0x00000000e3d80000)
 ParOldGen       total 45056K, used 8518K [0x00000000a1c00000, 0x00000000a4800000, 0x00000000e0980000)
  object space 45056K, 18% used [0x00000000a1c00000,0x00000000a24518b0,0x00000000a4800000)
 Metaspace       used 24311K, capacity 25075K, committed 25216K, reserved 1071104K
  class space    used 3230K, capacity 3446K, committed 3456K, reserved 1048576K
}

